canu/1.7 has the useGrid option default set to useGrid=false. This can be
overriden by another configuration file or a command-line option. 
-- Canu 1.7
--
-- CITATIONS
--
-- Koren S, Walenz BP, Berlin K, Miller JR, Phillippy AM.
-- Canu: scalable and accurate long-read assembly via adaptive k-mer weighting and repeat separation.
-- Genome Res. 2017 May;27(5):722-736.
-- http://doi.org/10.1101/gr.215087.116
-- 
-- Read and contig alignments during correction, consensus and GFA building use:
--   Šošic M, Šikic M.
--   Edlib: a C/C ++ library for fast, exact sequence alignment using edit distance.
--   Bioinformatics. 2017 May 1;33(9):1394-1395.
--   http://doi.org/10.1093/bioinformatics/btw753
-- 
-- Overlaps are generated using:
--   Berlin K, et al.
--   Assembling large genomes with single-molecule sequencing and locality-sensitive hashing.
--   Nat Biotechnol. 2015 Jun;33(6):623-30.
--   http://doi.org/10.1038/nbt.3238
-- 
--   Myers EW, et al.
--   A Whole-Genome Assembly of Drosophila.
--   Science. 2000 Mar 24;287(5461):2196-204.
--   http://doi.org/10.1126/science.287.5461.2196
-- 
--   Li H.
--   Minimap and miniasm: fast mapping and de novo assembly for noisy long sequences.
--   Bioinformatics. 2016 Jul 15;32(14):2103-10.
--   http://doi.org/10.1093/bioinformatics/btw152
-- 
-- Corrected read consensus sequences are generated using an algorithm derived from FALCON-sense:
--   Chin CS, et al.
--   Phased diploid genome assembly with single-molecule real-time sequencing.
--   Nat Methods. 2016 Dec;13(12):1050-1054.
--   http://doi.org/10.1038/nmeth.4035
-- 
-- Contig consensus sequences are generated using an algorithm derived from pbdagcon:
--   Chin CS, et al.
--   Nonhybrid, finished microbial genome assemblies from long-read SMRT sequencing data.
--   Nat Methods. 2013 Jun;10(6):563-9
--   http://doi.org/10.1038/nmeth.2474
-- 
-- CONFIGURE CANU
--
-- Detected Java(TM) Runtime Environment '1.8.0_151' (from '/sw/comp/java/x86_64/sun_jdk1.8.0_151/bin/java').
-- Detected gnuplot version '4.6 patchlevel 2' (from 'gnuplot') and image format 'png'.
-- Detected 20 CPUs and 125 gigabytes of memory.
-- Detected Slurm with 'sinfo' binary in /usr/bin/sinfo.
-- Grid engine disabled per useGrid=false option.
--
--                            (tag)Concurrency
--                     (tag)Threads          |
--            (tag)Memory         |          |
--        (tag)         |         |          |     total usage     algorithm
--        -------  ------  --------   --------  -----------------  -----------------------------
-- Local: meryl      8 GB    4 CPUs x   1 job      8 GB    4 CPUs  (k-mer counting)
-- Local: cormhap    6 GB   10 CPUs x   2 jobs    12 GB   20 CPUs  (overlap detection with mhap)
-- Local: obtovl     4 GB    5 CPUs x   4 jobs    16 GB   20 CPUs  (overlap detection)
-- Local: utgovl     4 GB    5 CPUs x   4 jobs    16 GB   20 CPUs  (overlap detection)
-- Local: ovb        4 GB    1 CPU  x  20 jobs    80 GB   20 CPUs  (overlap store bucketizer)
-- Local: ovs        8 GB    1 CPU  x  15 jobs   120 GB   15 CPUs  (overlap store sorting)
-- Local: red        4 GB    4 CPUs x   5 jobs    20 GB   20 CPUs  (read error detection)
-- Local: oea        4 GB    1 CPU  x  20 jobs    80 GB   20 CPUs  (overlap error adjustment)
-- Local: bat       16 GB    4 CPUs x   1 job     16 GB    4 CPUs  (contig construction)
-- Local: gfa        8 GB    4 CPUs x   1 job      8 GB    4 CPUs  (GFA alignment and processing)
--
-- Found PacBio uncorrected reads in the input files.
--
-- Generating assembly 'durian_pacbio_assembly_0411_27m' in '/domus/h1/jili0178/GA2019/analyses_results/01_assemblyDNA/durian_pacbio_0411_27m'
--
-- Parameters:
--
--  genomeSize        27000000
--
--  Overlap Generation Limits:
--    corOvlErrorRate 0.2400 ( 24.00%)
--    obtOvlErrorRate 0.0450 (  4.50%)
--    utgOvlErrorRate 0.0450 (  4.50%)
--
--  Overlap Processing Limits:
--    corErrorRate    0.3000 ( 30.00%)
--    obtErrorRate    0.0450 (  4.50%)
--    utgErrorRate    0.0450 (  4.50%)
--    cnsErrorRate    0.0750 (  7.50%)
--
--
-- BEGIN CORRECTION
--
----------------------------------------
-- Starting command on Thu Apr 11 13:28:46 2019 with 14926.933 GB free disk space

    cd .
    /sw/bioinfo/canu/1.7/rackham/Linux-amd64/bin/gatekeeperCreate \
      -minlength 1000 \
      -o ./durian_pacbio_assembly_0411_27m.gkpStore.BUILDING \
      ./durian_pacbio_assembly_0411_27m.gkpStore.gkp \
    > ./durian_pacbio_assembly_0411_27m.gkpStore.BUILDING.err 2>&1

-- Finished on Thu Apr 11 13:29:25 2019 (40 seconds) with 14925.851 GB free disk space
----------------------------------------
--
-- In gatekeeper store './durian_pacbio_assembly_0411_27m.gkpStore':
--   Found 266898 reads.
--   Found 2048960181 bases (75.88 times coverage).
--
--   Read length histogram (one '*' equals 326.22 reads):
--        0    999      0 
--     1000   1999  20662 ***************************************************************
--     2000   2999  21975 *******************************************************************
--     3000   3999  22734 *********************************************************************
--     4000   4999  22836 **********************************************************************
--     5000   5999  21791 ******************************************************************
--     6000   6999  21304 *****************************************************************
--     7000   7999  21571 ******************************************************************
--     8000   8999  21483 *****************************************************************
--     9000   9999  19901 *************************************************************
--    10000  10999  16955 ***************************************************
--    11000  11999  13225 ****************************************
--    12000  12999  10264 *******************************
--    13000  13999   7641 ***********************
--    14000  14999   5991 ******************
--    15000  15999   4529 *************
--    16000  16999   3487 **********
--    17000  17999   2717 ********
--    18000  18999   2053 ******
--    19000  19999   1505 ****
--    20000  20999   1133 ***
--    21000  21999    846 **
--    22000  22999    590 *
--    23000  23999    448 *
--    24000  24999    341 *
--    25000  25999    237 
--    26000  26999    174 
--    27000  27999    113 
--    28000  28999    123 
--    29000  29999     66 
--    30000  30999     52 
--    31000  31999     38 
--    32000  32999     34 
--    33000  33999     20 
--    34000  34999     15 
--    35000  35999     11 
--    36000  36999      3 
--    37000  37999      5 
--    38000  38999     14 
--    39000  39999      5 
--    40000  40999      1 
--    41000  41999      1 
--    42000  42999      2 
--    43000  43999      1 
--    44000  44999      0 
--    45000  45999      0 
--    46000  46999      1 
--
-- Running jobs.  First attempt out of 2.
----------------------------------------
-- Starting 'meryl' concurrent execution on Thu Apr 11 13:29:28 2019 with 14925.721 GB free disk space (1 processes; 1 concurrently)

    cd correction/0-mercounts
    ./meryl.sh 1 > ./meryl.000001.out 2>&1

-- Finished on Thu Apr 11 13:34:51 2019 (323 seconds) with 14910.866 GB free disk space
----------------------------------------
-- Meryl finished successfully.
--
--  16-mers                                                                                           Fraction
--    Occurrences   NumMers                                                                         Unique Total
--       1-     1 374928474 *******************************************************************--> 0.5701 0.1833
--       2-     2 122099988 ********************************************************************** 0.7557 0.3028
--       3-     4  81646754 **********************************************                         0.8369 0.3810
--       5-     7  36990517 *********************                                                  0.9060 0.4783
--       8-    11  19042028 **********                                                             0.9458 0.5656
--      12-    16  10196894 *****                                                                  0.9694 0.6432
--      17-    22   5089297 **                                                                     0.9824 0.7045
--      23-    29   2689548 *                                                                      0.9891 0.7481
--      30-    37   1531523                                                                        0.9928 0.7796
--      38-    46    910138                                                                        0.9949 0.8031
--      47-    56    577018                                                                        0.9962 0.8208
--      57-    67    401432                                                                        0.9971 0.8348
--      68-    79    305659                                                                        0.9976 0.8466
--      80-    92    242521                                                                        0.9981 0.8574
--      93-   106    192815                                                                        0.9985 0.8675
--     107-   121    152111                                                                        0.9987 0.8767
--     122-   137    119022                                                                        0.9990 0.8850
--     138-   154     94218                                                                        0.9992 0.8925
--     155-   172     74630                                                                        0.9993 0.8991
--     173-   191     59855                                                                        0.9994 0.9050
--     192-   211     48774                                                                        0.9995 0.9103
--     212-   232     40332                                                                        0.9996 0.9150
--     233-   254     32781                                                                        0.9996 0.9194
--     255-   277     26299                                                                        0.9997 0.9232
--     278-   301     20891                                                                        0.9997 0.9266
--     302-   326     16676                                                                        0.9997 0.9296
--     327-   352     13997                                                                        0.9998 0.9321
--     353-   379     11994                                                                        0.9998 0.9344
--     380-   407     10055                                                                        0.9998 0.9365
--     408-   436      8757                                                                        0.9998 0.9385
--     437-   466      7547                                                                        0.9998 0.9403
--     467-   497      6737                                                                        0.9999 0.9419
--     498-   529      6071                                                                        0.9999 0.9435
--     530-   562      5545                                                                        0.9999 0.9450
--     563-   596      5206                                                                        0.9999 0.9465
--     597-   631      4938                                                                        0.9999 0.9480
--     632-   667      4658                                                                        0.9999 0.9495
--     668-   704      4199                                                                        0.9999 0.9509
--     705-   742      3864                                                                        0.9999 0.9523
--     743-   781      3577                                                                        0.9999 0.9537
--     782-   821      3231                                                                        0.9999 0.9550
--
--     1062891 (max occurrences)
--  1670028237 (total mers, non-unique)
--   282750989 (distinct mers, non-unique)
--   374928474 (unique mers)
-- For mhap overlapping, set repeat k-mer threshold to 20449.
--
-- Found 2044956711 16-mers; 657679463 distinct and 374928474 unique.  Largest count 1062891.
--
-- OVERLAPPER (mhap) (correction)
--
-- Set corMhapSensitivity=low based on read coverage of 75.
--
-- PARAMETERS: hashes=256, minMatches=3, threshold=0.8
--
-- Given 6 GB, can fit 18000 reads per block.
-- For 16 blocks, set stride to 4 blocks.
-- Logging partitioning to 'correction/1-overlapper/partitioning.log'.
-- Configured 15 mhap precompute jobs.
-- Configured 33 mhap overlap jobs.
--
-- Running jobs.  First attempt out of 2.
----------------------------------------
-- Starting 'cormhap' concurrent execution on Thu Apr 11 13:35:18 2019 with 14910.232 GB free disk space (15 processes; 2 concurrently)

    cd correction/1-overlapper
    ./precompute.sh 1 > ./precompute.000001.out 2>&1
    ./precompute.sh 2 > ./precompute.000002.out 2>&1
    ./precompute.sh 3 > ./precompute.000003.out 2>&1
    ./precompute.sh 4 > ./precompute.000004.out 2>&1
    ./precompute.sh 5 > ./precompute.000005.out 2>&1
    ./precompute.sh 6 > ./precompute.000006.out 2>&1
    ./precompute.sh 7 > ./precompute.000007.out 2>&1
    ./precompute.sh 8 > ./precompute.000008.out 2>&1
    ./precompute.sh 9 > ./precompute.000009.out 2>&1
    ./precompute.sh 10 > ./precompute.000010.out 2>&1
    ./precompute.sh 11 > ./precompute.000011.out 2>&1
    ./precompute.sh 12 > ./precompute.000012.out 2>&1
    ./precompute.sh 13 > ./precompute.000013.out 2>&1
    ./precompute.sh 14 > ./precompute.000014.out 2>&1
    ./precompute.sh 15 > ./precompute.000015.out 2>&1

-- Finished on Thu Apr 11 15:51:02 2019 (8144 seconds) with 14821.052 GB free disk space
----------------------------------------
-- All 15 mhap precompute jobs finished successfully.
--
-- Running jobs.  First attempt out of 2.
----------------------------------------
-- Starting 'cormhap' concurrent execution on Thu Apr 11 15:51:02 2019 with 14821.052 GB free disk space (33 processes; 2 concurrently)

    cd correction/1-overlapper
    ./mhap.sh 1 > ./mhap.000001.out 2>&1
    ./mhap.sh 2 > ./mhap.000002.out 2>&1
    ./mhap.sh 3 > ./mhap.000003.out 2>&1
    ./mhap.sh 4 > ./mhap.000004.out 2>&1
    ./mhap.sh 5 > ./mhap.000005.out 2>&1
    ./mhap.sh 6 > ./mhap.000006.out 2>&1
    ./mhap.sh 7 > ./mhap.000007.out 2>&1
    ./mhap.sh 8 > ./mhap.000008.out 2>&1
    ./mhap.sh 9 > ./mhap.000009.out 2>&1
    ./mhap.sh 10 > ./mhap.000010.out 2>&1
    ./mhap.sh 11 > ./mhap.000011.out 2>&1
    ./mhap.sh 12 > ./mhap.000012.out 2>&1
    ./mhap.sh 13 > ./mhap.000013.out 2>&1
    ./mhap.sh 14 > ./mhap.000014.out 2>&1
    ./mhap.sh 15 > ./mhap.000015.out 2>&1
    ./mhap.sh 16 > ./mhap.000016.out 2>&1
    ./mhap.sh 17 > ./mhap.000017.out 2>&1
    ./mhap.sh 18 > ./mhap.000018.out 2>&1
    ./mhap.sh 19 > ./mhap.000019.out 2>&1
    ./mhap.sh 20 > ./mhap.000020.out 2>&1
    ./mhap.sh 21 > ./mhap.000021.out 2>&1
    ./mhap.sh 22 > ./mhap.000022.out 2>&1
    ./mhap.sh 23 > ./mhap.000023.out 2>&1
    ./mhap.sh 24 > ./mhap.000024.out 2>&1
    ./mhap.sh 25 > ./mhap.000025.out 2>&1
    ./mhap.sh 26 > ./mhap.000026.out 2>&1
    ./mhap.sh 27 > ./mhap.000027.out 2>&1
    ./mhap.sh 28 > ./mhap.000028.out 2>&1
    ./mhap.sh 29 > ./mhap.000029.out 2>&1
    ./mhap.sh 30 > ./mhap.000030.out 2>&1
    ./mhap.sh 31 > ./mhap.000031.out 2>&1
    ./mhap.sh 32 > ./mhap.000032.out 2>&1
    ./mhap.sh 33 > ./mhap.000033.out 2>&1

-- Finished on Thu Apr 11 16:59:31 2019 (4109 seconds) with 14707.126 GB free disk space
----------------------------------------
-- Found 33 mhap overlap output files.
----------------------------------------
-- Starting command on Thu Apr 11 16:59:31 2019 with 14707.126 GB free disk space

    cd correction
    /sw/bioinfo/canu/1.7/rackham/Linux-amd64/bin/ovStoreBuild \
     -O ./durian_pacbio_assembly_0411_27m.ovlStore.BUILDING \
     -G ./durian_pacbio_assembly_0411_27m.gkpStore \
     -M 2-8 \
     -L ./1-overlapper/ovljob.files \
     > ./durian_pacbio_assembly_0411_27m.ovlStore.err 2>&1

-- Finished on Thu Apr 11 17:03:38 2019 (247 seconds) with 14690.317 GB free disk space
----------------------------------------
-- Checking store.
----------------------------------------
-- Starting command on Thu Apr 11 17:03:38 2019 with 14690.317 GB free disk space

    cd correction
    /sw/bioinfo/canu/1.7/rackham/Linux-amd64/bin/ovStoreDump \
     -G ./durian_pacbio_assembly_0411_27m.gkpStore \
     -O ./durian_pacbio_assembly_0411_27m.ovlStore \
     -d -counts \
     > ./durian_pacbio_assembly_0411_27m.ovlStore/counts.dat 2> ./durian_pacbio_assembly_0411_27m.ovlStore/counts.err

-- Finished on Thu Apr 11 17:03:38 2019 (lickety-split) with 14690.315 GB free disk space
----------------------------------------
--
-- Overlap store 'correction/durian_pacbio_assembly_0411_27m.ovlStore' successfully constructed.
-- Found 282617336 overlaps for 248063 reads; 18835 reads have no overlaps.
--
--
-- Purged 38.205 GB in 186 overlap output files.
-- Set corMinCoverage=4 based on read coverage of 75.
-- Global filter scores will be estimated.
-- Computing correction layouts.
----------------------------------------
-- Starting command on Thu Apr 11 17:03:40 2019 with 14690.259 GB free disk space

    cd correction
    /sw/bioinfo/canu/1.7/rackham/Linux-amd64/bin/generateCorrectionLayouts \
      -G ./durian_pacbio_assembly_0411_27m.gkpStore \
      -O ./durian_pacbio_assembly_0411_27m.ovlStore \
      -C ./durian_pacbio_assembly_0411_27m.corStore.WORKING \
      -ec 4 \
      -eC 80 \
    > ./durian_pacbio_assembly_0411_27m.corStore.err 2>&1
    

-- Finished on Thu Apr 11 17:04:00 2019 (20 seconds) with 14689.9 GB free disk space
----------------------------------------
-- Computing correction layouts.
----------------------------------------
-- Starting command on Thu Apr 11 17:04:00 2019 with 14689.9 GB free disk space

    cd correction/2-correction
    /sw/bioinfo/canu/1.7/rackham/Linux-amd64/bin/filterCorrectionLayouts \
      -G  ../durian_pacbio_assembly_0411_27m.gkpStore \
      -C  ../durian_pacbio_assembly_0411_27m.corStore \
      -R  ./durian_pacbio_assembly_0411_27m.readsToCorrect.WORKING \
      -cc 4 \
      -cl 1000 \
      -g  27000000 \
      -c  40 \
    > ./durian_pacbio_assembly_0411_27m.readsToCorrect.err 2>&1
    

-- Finished on Thu Apr 11 17:04:02 2019 (2 seconds) with 14689.881 GB free disk space
----------------------------------------
--                             original      original
--                            raw reads     raw reads
--   category                w/overlaps  w/o/overlaps
--   -------------------- ------------- -------------
--   Number of Reads             232420         34478
--   Number of Bases         1805253532     109728326
--   Coverage                    66.861         4.064
--   Median                        7237             0
--   Mean                          7767          3182
--   N50                           9864          9099
--   Minimum                       1000             0
--   Maximum                      46229         39679
--   
--                                        --------corrected---------  ----------rescued----------
--                             evidence                     expected                     expected
--   category                     reads            raw     corrected            raw     corrected
--   -------------------- -------------  ------------- -------------  ------------- -------------
--   Number of Reads             234401         113080        113080           1184          1184
--   Number of Bases         1836287001     1173113663    1080001900        6312478       2807784
--   Coverage                    68.011         43.449        40.000          0.234         0.104
--   Median                        7309           9606          8831           4366          2117
--   Mean                          7833          10374          9550           5331          2371
--   N50                           9873          10881         10014           7896          2811
--   Minimum                       1000           5089          5086           1015          1001
--   Maximum                      46229          46229         36935          29639          5064
--   
--                        --------uncorrected--------
--                                           expected
--   category                       raw     corrected
--   -------------------- ------------- -------------
--   Number of Reads             152634        152634
--   Number of Bases          735555717     201647856
--   Coverage                    27.243         7.468
--   Median                        3946             0
--   Mean                          4819          1321
--   N50                           7223          3662
--   Minimum                          0             0
--   Maximum                      42703          5086
--   
--   Maximum Memory           947644622
--
--                            (tag)Concurrency
--                     (tag)Threads          |
--            (tag)Memory         |          |
--        (tag)         |         |          |     total usage     algorithm
--        -------  ------  --------   --------  -----------------  -----------------------------
-- Local: cor        4 GB    4 CPUs x   5 jobs    20 GB   20 CPUs  (read correction)
--
-- Using overlaps no worse than 0.3 fraction error for correcting reads (from corErrorRate parameter).
--
-- Running jobs.  First attempt out of 2.
----------------------------------------
-- Starting 'cor' concurrent execution on Thu Apr 11 17:04:02 2019 with 14689.881 GB free disk space (54 processes; 5 concurrently)

    cd correction/2-correction
    ./correctReads.sh 1 > ./correctReads.000001.out 2>&1
    ./correctReads.sh 2 > ./correctReads.000002.out 2>&1
    ./correctReads.sh 3 > ./correctReads.000003.out 2>&1
    ./correctReads.sh 4 > ./correctReads.000004.out 2>&1
    ./correctReads.sh 5 > ./correctReads.000005.out 2>&1
    ./correctReads.sh 6 > ./correctReads.000006.out 2>&1
    ./correctReads.sh 7 > ./correctReads.000007.out 2>&1
    ./correctReads.sh 8 > ./correctReads.000008.out 2>&1
    ./correctReads.sh 9 > ./correctReads.000009.out 2>&1
    ./correctReads.sh 10 > ./correctReads.000010.out 2>&1
    ./correctReads.sh 11 > ./correctReads.000011.out 2>&1
    ./correctReads.sh 12 > ./correctReads.000012.out 2>&1
    ./correctReads.sh 13 > ./correctReads.000013.out 2>&1
    ./correctReads.sh 14 > ./correctReads.000014.out 2>&1
    ./correctReads.sh 15 > ./correctReads.000015.out 2>&1
    ./correctReads.sh 16 > ./correctReads.000016.out 2>&1
    ./correctReads.sh 17 > ./correctReads.000017.out 2>&1
    ./correctReads.sh 18 > ./correctReads.000018.out 2>&1
    ./correctReads.sh 19 > ./correctReads.000019.out 2>&1
    ./correctReads.sh 20 > ./correctReads.000020.out 2>&1
    ./correctReads.sh 21 > ./correctReads.000021.out 2>&1
    ./correctReads.sh 22 > ./correctReads.000022.out 2>&1
    ./correctReads.sh 23 > ./correctReads.000023.out 2>&1
    ./correctReads.sh 24 > ./correctReads.000024.out 2>&1
    ./correctReads.sh 25 > ./correctReads.000025.out 2>&1
    ./correctReads.sh 26 > ./correctReads.000026.out 2>&1
    ./correctReads.sh 27 > ./correctReads.000027.out 2>&1
    ./correctReads.sh 28 > ./correctReads.000028.out 2>&1
    ./correctReads.sh 29 > ./correctReads.000029.out 2>&1
    ./correctReads.sh 30 > ./correctReads.000030.out 2>&1
    ./correctReads.sh 31 > ./correctReads.000031.out 2>&1
    ./correctReads.sh 32 > ./correctReads.000032.out 2>&1
    ./correctReads.sh 33 > ./correctReads.000033.out 2>&1
    ./correctReads.sh 34 > ./correctReads.000034.out 2>&1
    ./correctReads.sh 35 > ./correctReads.000035.out 2>&1
    ./correctReads.sh 36 > ./correctReads.000036.out 2>&1
    ./correctReads.sh 37 > ./correctReads.000037.out 2>&1
    ./correctReads.sh 38 > ./correctReads.000038.out 2>&1
    ./correctReads.sh 39 > ./correctReads.000039.out 2>&1
    ./correctReads.sh 40 > ./correctReads.000040.out 2>&1
    ./correctReads.sh 41 > ./correctReads.000041.out 2>&1
    ./correctReads.sh 42 > ./correctReads.000042.out 2>&1
    ./correctReads.sh 43 > ./correctReads.000043.out 2>&1
    ./correctReads.sh 44 > ./correctReads.000044.out 2>&1
    ./correctReads.sh 45 > ./correctReads.000045.out 2>&1
    ./correctReads.sh 46 > ./correctReads.000046.out 2>&1
    ./correctReads.sh 47 > ./correctReads.000047.out 2>&1
    ./correctReads.sh 48 > ./correctReads.000048.out 2>&1
    ./correctReads.sh 49 > ./correctReads.000049.out 2>&1
    ./correctReads.sh 50 > ./correctReads.000050.out 2>&1
    ./correctReads.sh 51 > ./correctReads.000051.out 2>&1
    ./correctReads.sh 52 > ./correctReads.000052.out 2>&1
    ./correctReads.sh 53 > ./correctReads.000053.out 2>&1
    ./correctReads.sh 54 > ./correctReads.000054.out 2>&1

-- Finished on Thu Apr 11 20:37:04 2019 (12782 seconds) with 14555.981 GB free disk space
----------------------------------------
-- Found 54 read correction output files.
-- Found 54 read correction output files.
--
-- Loading corrected reads into corStore and gkpStore.
----------------------------------------
-- Starting command on Thu Apr 11 20:37:04 2019 with 14555.981 GB free disk space

    cd correction
    /sw/bioinfo/canu/1.7/rackham/Linux-amd64/bin/loadCorrectedReads \
      -G ./durian_pacbio_assembly_0411_27m.gkpStore \
      -C ./durian_pacbio_assembly_0411_27m.corStore \
      -L ./2-correction/corjob.files \
    > ./2-correction/corjob.files.load.err 2>&1
    

-- Finished on Thu Apr 11 20:37:48 2019 (44 seconds) with 14552.447 GB free disk space
----------------------------------------
--
-- In gatekeeper store './durian_pacbio_assembly_0411_27m.gkpStore':
--   Found 112985 reads.
--   Found 1007072106 bases (37.29 times coverage).
--
--   Read length histogram (one '*' equals 217.75 reads):
--        0    999    170 
--     1000   1999    924 ****
--     2000   2999    896 ****
--     3000   3999   1056 ****
--     4000   4999   3653 ****************
--     5000   5999  15243 **********************************************************************
--     6000   6999  15179 *********************************************************************
--     7000   7999  14842 ********************************************************************
--     8000   8999  14059 ****************************************************************
--     9000   9999  12296 ********************************************************
--    10000  10999   9334 ******************************************
--    11000  11999   6876 *******************************
--    12000  12999   5104 ***********************
--    13000  13999   3695 ****************
--    14000  14999   2715 ************
--    15000  15999   1999 *********
--    16000  16999   1463 ******
--    17000  17999   1053 ****
--    18000  18999    748 ***
--    19000  19999    549 **
--    20000  20999    368 *
--    21000  21999    251 *
--    22000  22999    180 
--    23000  23999    112 
--    24000  24999     75 
--    25000  25999     55 
--    26000  26999     29 
--    27000  27999     25 
--    28000  28999     13 
--    29000  29999      7 
--    30000  30999      4 
--    31000  31999      5 
--    32000  32999      3 
--    33000  33999      2 
--    34000  34999      2 
--
-- Purging correctReads output after loading into stores.
-- Purged 54 .cns outputs.
-- Purged 108 .out job log outputs.
--
-- Purging overlaps used for correction.
----------------------------------------
-- Starting command on Thu Apr 11 20:37:52 2019 with 14552.113 GB free disk space

    cd .
    /sw/bioinfo/canu/1.7/rackham/Linux-amd64/bin/gatekeeperDumpFASTQ \
      -corrected \
      -G ./durian_pacbio_assembly_0411_27m.gkpStore \
      -o ./durian_pacbio_assembly_0411_27m.correctedReads.gz \
      -fasta \
      -nolibname \
    > durian_pacbio_assembly_0411_27m.correctedReads.fasta.err 2>&1

-- Finished on Thu Apr 11 20:38:20 2019 (28 seconds) with 14551.332 GB free disk space
----------------------------------------
--
-- Corrected reads saved in 'durian_pacbio_assembly_0411_27m.correctedReads.fasta.gz'.
--
--
-- BEGIN TRIMMING
--
--
-- Running jobs.  First attempt out of 2.
----------------------------------------
-- Starting 'meryl' concurrent execution on Thu Apr 11 20:38:20 2019 with 14551.322 GB free disk space (1 processes; 1 concurrently)

    cd trimming/0-mercounts
    ./meryl.sh 1 > ./meryl.000001.out 2>&1

-- Finished on Thu Apr 11 20:39:51 2019 (91 seconds) with 14546.976 GB free disk space
----------------------------------------
-- Meryl finished successfully.
--
--  22-mers                                                                                           Fraction
--    Occurrences   NumMers                                                                         Unique Total
--       1-     1  65458088 *******************************************************************--> 0.5652 0.0652
--       2-     2   9470902 ********************************************************************** 0.6470 0.0840
--       3-     4   6930190 ***************************************************                    0.6840 0.0968
--       5-     7   4972740 ************************************                                   0.7248 0.1177
--       8-    11   3869137 ****************************                                           0.7594 0.1451
--      12-    16   4171444 ******************************                                         0.7904 0.1824
--      17-    22   5748841 ******************************************                             0.8267 0.2452
--      23-    29   7237239 *****************************************************                  0.8782 0.3674
--      30-    37   5010775 *************************************                                  0.9388 0.5551
--      38-    46   1752646 ************                                                           0.9776 0.7068
--      47-    56    402657 **                                                                     0.9904 0.7686
--      57-    67    160918 *                                                                      0.9934 0.7862
--      68-    79    103339                                                                        0.9947 0.7957
--      80-    92     74355                                                                        0.9956 0.8030
--      93-   106     56258                                                                        0.9962 0.8092
--     107-   121     42954                                                                        0.9967 0.8147
--     122-   137     40534                                                                        0.9970 0.8195
--     138-   154     37394                                                                        0.9974 0.8247
--     155-   172     27286                                                                        0.9977 0.8301
--     173-   191     24496                                                                        0.9979 0.8345
--     192-   211     21019                                                                        0.9981 0.8389
--     212-   232     19625                                                                        0.9983 0.8431
--     233-   254     16364                                                                        0.9985 0.8474
--     255-   277     13703                                                                        0.9986 0.8513
--     278-   301     10913                                                                        0.9987 0.8550
--     302-   326     10454                                                                        0.9988 0.8581
--     327-   352     10497                                                                        0.9989 0.8613
--     353-   379     10414                                                                        0.9990 0.8649
--     380-   407      9263                                                                        0.9991 0.8687
--     408-   436      9159                                                                        0.9992 0.8723
--     437-   466      8235                                                                        0.9993 0.8762
--     467-   497      7957                                                                        0.9993 0.8798
--     498-   529      6973                                                                        0.9994 0.8837
--     530-   562      5601                                                                        0.9995 0.8872
--     563-   596      4113                                                                        0.9995 0.8902
--     597-   631      3027                                                                        0.9995 0.8926
--     632-   667      1432                                                                        0.9996 0.8944
--     668-   704      1443                                                                        0.9996 0.8953
--     705-   742      1349                                                                        0.9996 0.8963
--     743-   781      1298                                                                        0.9996 0.8973
--     782-   821      1358                                                                        0.9996 0.8983
--
--       97095 (max occurrences)
--   939241333 (total mers, non-unique)
--    50351562 (distinct mers, non-unique)
--    65458088 (unique mers)
----------------------------------------
-- Starting command on Thu Apr 11 20:39:51 2019 with 14546.976 GB free disk space

    cd trimming/0-mercounts
    /sw/bioinfo/canu/1.7/rackham/Linux-amd64/bin/meryl \
      -Dt \
      -n 1851 \
      -s ./durian_pacbio_assembly_0411_27m.ms22 \
    > ./durian_pacbio_assembly_0411_27m.ms22.frequentMers.fasta \
    2> ./durian_pacbio_assembly_0411_27m.ms22.frequentMers.fasta.err

-- Finished on Thu Apr 11 20:39:57 2019 (6 seconds) with 14546.609 GB free disk space
----------------------------------------
-- Reset obtOvlMerThreshold from auto to 1851.
--
-- Found 1004699421 22-mers; 115809650 distinct and 65458088 unique.  Largest count 97095.
--
-- OVERLAPPER (normal) (trimming) erate=0.045
--
----------------------------------------
-- Starting command on Thu Apr 11 20:39:57 2019 with 14546.588 GB free disk space

    cd trimming/1-overlapper
    /sw/bioinfo/canu/1.7/rackham/Linux-amd64/bin/overlapInCorePartition \
     -G  ../durian_pacbio_assembly_0411_27m.gkpStore \
     -hl 85312000 \
     -rl 1000000000 \
     -ol 500 \
     -o  ./durian_pacbio_assembly_0411_27m.partition \
    > ./durian_pacbio_assembly_0411_27m.partition.err 2>&1

-- Finished on Thu Apr 11 20:39:57 2019 (lickety-split) with 14546.573 GB free disk space
----------------------------------------
--
-- Configured 13 overlapInCore jobs.
--
-- Running jobs.  First attempt out of 2.
----------------------------------------
-- Starting 'obtovl' concurrent execution on Thu Apr 11 20:39:57 2019 with 14546.568 GB free disk space (13 processes; 4 concurrently)

    cd trimming/1-overlapper
    ./overlap.sh 1 > ./overlap.000001.out 2>&1
    ./overlap.sh 2 > ./overlap.000002.out 2>&1
    ./overlap.sh 3 > ./overlap.000003.out 2>&1
    ./overlap.sh 4 > ./overlap.000004.out 2>&1
    ./overlap.sh 5 > ./overlap.000005.out 2>&1
    ./overlap.sh 6 > ./overlap.000006.out 2>&1
    ./overlap.sh 7 > ./overlap.000007.out 2>&1
    ./overlap.sh 8 > ./overlap.000008.out 2>&1
    ./overlap.sh 9 > ./overlap.000009.out 2>&1
    ./overlap.sh 10 > ./overlap.000010.out 2>&1
    ./overlap.sh 11 > ./overlap.000011.out 2>&1
    ./overlap.sh 12 > ./overlap.000012.out 2>&1
    ./overlap.sh 13 > ./overlap.000013.out 2>&1

-- Finished on Fri Apr 12 00:09:54 2019 (12597 seconds) with 14444.947 GB free disk space
----------------------------------------
-- Found 13 overlapInCore output files.
--
-- overlapInCore compute 'trimming/1-overlapper':
--   kmer hits
--     with no overlap        263544928  86.7692308 +- 14579179.203
--     with an overlap         33344259     2564943 +- 4270118.41
--
--   overlaps                  33343757  4.38461538 +- 4270025.918
--     contained                      0           0 +- 0
--     dovetail                       0           0 +- 0
--
--   overlaps rejected
--     multiple per pair              0           0 +- 0
--     bad short window               0           0 +- 0
--     bad long window                0           0 +- 0
----------------------------------------
-- Starting command on Fri Apr 12 00:09:54 2019 with 14444.947 GB free disk space

    cd trimming
    /sw/bioinfo/canu/1.7/rackham/Linux-amd64/bin/ovStoreBuild \
     -O ./durian_pacbio_assembly_0411_27m.ovlStore.BUILDING \
     -G ./durian_pacbio_assembly_0411_27m.gkpStore \
     -M 2-8 \
     -L ./1-overlapper/ovljob.files \
     > ./durian_pacbio_assembly_0411_27m.ovlStore.err 2>&1

-- Finished on Fri Apr 12 00:10:56 2019 (62 seconds) with 14442.015 GB free disk space
----------------------------------------
-- Checking store.
----------------------------------------
-- Starting command on Fri Apr 12 00:10:56 2019 with 14442.015 GB free disk space

    cd trimming
    /sw/bioinfo/canu/1.7/rackham/Linux-amd64/bin/ovStoreDump \
     -G ./durian_pacbio_assembly_0411_27m.gkpStore \
     -O ./durian_pacbio_assembly_0411_27m.ovlStore \
     -d -counts \
     > ./durian_pacbio_assembly_0411_27m.ovlStore/counts.dat 2> ./durian_pacbio_assembly_0411_27m.ovlStore/counts.err

-- Finished on Fri Apr 12 00:10:56 2019 (lickety-split) with 14442.013 GB free disk space
----------------------------------------
--
-- Overlap store 'trimming/durian_pacbio_assembly_0411_27m.ovlStore' successfully constructed.
-- Found 66688518 overlaps for 112518 reads; 154380 reads have no overlaps.
--
--
-- Purged 0.622 GB in 39 overlap output files.
----------------------------------------
-- Starting command on Fri Apr 12 00:10:56 2019 with 14442.009 GB free disk space

    cd trimming/3-overlapbasedtrimming
    /sw/bioinfo/canu/1.7/rackham/Linux-amd64/bin/trimReads \
      -G  ../durian_pacbio_assembly_0411_27m.gkpStore \
      -O  ../durian_pacbio_assembly_0411_27m.ovlStore \
      -Co ./durian_pacbio_assembly_0411_27m.1.trimReads.clear \
      -e  0.045 \
      -minlength 1000 \
      -ol 1 \
      -oc 1 \
      -o  ./durian_pacbio_assembly_0411_27m.1.trimReads \
    >     ./durian_pacbio_assembly_0411_27m.1.trimReads.err 2>&1

-- Finished on Fri Apr 12 00:11:19 2019 (23 seconds) with 14441.434 GB free disk space
----------------------------------------
--  PARAMETERS:
--  ----------
--     1000    (reads trimmed below this many bases are deleted)
--   0.0450    (use overlaps at or below this fraction error)
--        1    (break region if overlap is less than this long, for 'largest covered' algorithm)
--        1    (break region if overlap coverage is less than this many read, for 'largest covered' algorithm)
--  
--  INPUT READS:
--  -----------
--  266898 reads   1007072106 bases (reads processed)
--       0 reads            0 bases (reads not processed, previously deleted)
--       0 reads            0 bases (reads not processed, in a library where trimming isn't allowed)
--  
--  OUTPUT READS:
--  ------------
--   97946 reads    855421914 bases (trimmed reads output)
--   14226 reads    121727179 bases (reads with no change, kept as is)
--  154380 reads      1315290 bases (reads with no overlaps, deleted)
--     346 reads       964748 bases (reads with short trimmed length, deleted)
--  
--  TRIMMING DETAILS:
--  ----------------
--   72016 reads     15052032 bases (bases trimmed from the 5' end of a read)
--   77431 reads     12590943 bases (bases trimmed from the 3' end of a read)
----------------------------------------
-- Starting command on Fri Apr 12 00:11:19 2019 with 14441.434 GB free disk space

    cd trimming/3-overlapbasedtrimming
    /sw/bioinfo/canu/1.7/rackham/Linux-amd64/bin/splitReads \
      -G  ../durian_pacbio_assembly_0411_27m.gkpStore \
      -O  ../durian_pacbio_assembly_0411_27m.ovlStore \
      -Ci ./durian_pacbio_assembly_0411_27m.1.trimReads.clear \
      -Co ./durian_pacbio_assembly_0411_27m.2.splitReads.clear \
      -e  0.045 \
      -minlength 1000 \
      -o  ./durian_pacbio_assembly_0411_27m.2.splitReads \
    >     ./durian_pacbio_assembly_0411_27m.2.splitReads.err 2>&1

-- Finished on Fri Apr 12 00:11:43 2019 (24 seconds) with 14440.704 GB free disk space
----------------------------------------
--  PARAMETERS:
--  ----------
--     1000    (reads trimmed below this many bases are deleted)
--   0.0450    (use overlaps at or below this fraction error)
--  INPUT READS:
--  -----------
--  112172 reads   1004792068 bases (reads processed)
--  154726 reads      2280038 bases (reads not processed, previously deleted)
--       0 reads            0 bases (reads not processed, in a library where trimming isn't allowed)
--  
--  PROCESSED:
--  --------
--       0 reads            0 bases (no overlaps)
--      21 reads       111067 bases (no coverage after adjusting for trimming done already)
--       0 reads            0 bases (processed for chimera)
--       0 reads            0 bases (processed for spur)
--  112151 reads   1004681001 bases (processed for subreads)
--  
--  READS WITH SIGNALS:
--  ------------------
--       0 reads            0 signals (number of 5' spur signal)
--       0 reads            0 signals (number of 3' spur signal)
--       0 reads            0 signals (number of chimera signal)
--      66 reads           66 signals (number of subread signal)
--  
--  SIGNALS:
--  -------
--       0 reads            0 bases (size of 5' spur signal)
--       0 reads            0 bases (size of 3' spur signal)
--       0 reads            0 bases (size of chimera signal)
--      66 reads        24858 bases (size of subread signal)
--  
--  TRIMMING:
--  --------
--      29 reads       197071 bases (trimmed from the 5' end of the read)
--      37 reads       225119 bases (trimmed from the 3' end of the read)
----------------------------------------
-- Starting command on Fri Apr 12 00:11:43 2019 with 14440.701 GB free disk space

    cd trimming/3-overlapbasedtrimming
    /sw/bioinfo/canu/1.7/rackham/Linux-amd64/bin/loadTrimmedReads \
      -G ../durian_pacbio_assembly_0411_27m.gkpStore \
      -c ./durian_pacbio_assembly_0411_27m.2.splitReads.clear \
    > ./durian_pacbio_assembly_0411_27m.loadtrimmedReads.err 2>&1

-- Finished on Fri Apr 12 00:11:43 2019 (lickety-split) with 14440.673 GB free disk space
----------------------------------------
--
-- In gatekeeper store './durian_pacbio_assembly_0411_27m.gkpStore':
--   Found 112172 reads.
--   Found 976726903 bases (36.17 times coverage).
--
--   Read length histogram (one '*' equals 220.47 reads):
--        0    999      0 
--     1000   1999   1175 *****
--     2000   2999   1300 *****
--     3000   3999   1785 ********
--     4000   4999   5084 ***********************
--     5000   5999  15433 **********************************************************************
--     6000   6999  15031 ********************************************************************
--     7000   7999  14524 *****************************************************************
--     8000   8999  13608 *************************************************************
--     9000   9999  11609 ****************************************************
--    10000  10999   8928 ****************************************
--    11000  11999   6542 *****************************
--    12000  12999   4873 **********************
--    13000  13999   3346 ***************
--    14000  14999   2521 ***********
--    15000  15999   1879 ********
--    16000  16999   1337 ******
--    17000  17999    976 ****
--    18000  18999    684 ***
--    19000  19999    497 **
--    20000  20999    344 *
--    21000  21999    228 *
--    22000  22999    162 
--    23000  23999    109 
--    24000  24999     65 
--    25000  25999     50 
--    26000  26999     25 
--    27000  27999     23 
--    28000  28999     12 
--    29000  29999      6 
--    30000  30999      6 
--    31000  31999      3 
--    32000  32999      3 
--    33000  33999      3 
--    34000  34999      1 
--
-- Overlaps used for trimming saved.
----------------------------------------
-- Starting command on Fri Apr 12 00:11:45 2019 with 14440.48 GB free disk space

    cd .
    /sw/bioinfo/canu/1.7/rackham/Linux-amd64/bin/gatekeeperDumpFASTQ \
      -trimmed \
      -G ./durian_pacbio_assembly_0411_27m.gkpStore \
      -o ./durian_pacbio_assembly_0411_27m.trimmedReads.gz \
      -fasta \
      -nolibname \
    > ./durian_pacbio_assembly_0411_27m.trimmedReads.fasta.err 2>&1

-- Finished on Fri Apr 12 00:12:11 2019 (26 seconds) with 14439.248 GB free disk space
----------------------------------------
--
-- Trimmed reads saved in 'durian_pacbio_assembly_0411_27m.trimmedReads.fasta.gz'.
--
--
-- BEGIN ASSEMBLY
--
--
-- Running jobs.  First attempt out of 2.
----------------------------------------
-- Starting 'meryl' concurrent execution on Fri Apr 12 00:12:11 2019 with 14439.239 GB free disk space (1 processes; 1 concurrently)

    cd unitigging/0-mercounts
    ./meryl.sh 1 > ./meryl.000001.out 2>&1

-- Finished on Fri Apr 12 00:13:42 2019 (91 seconds) with 14435.548 GB free disk space
----------------------------------------
-- Meryl finished successfully.
--
--  22-mers                                                                                           Fraction
--    Occurrences   NumMers                                                                         Unique Total
--       1-     1  52266635 *******************************************************************--> 0.5174 0.0536
--       2-     2   8692565 ********************************************************************** 0.6035 0.0715
--       3-     4   6528638 ****************************************************                   0.6431 0.0838
--       5-     7   4794864 **************************************                                 0.6878 0.1044
--       8-    11   3818810 ******************************                                         0.7263 0.1319
--      12-    16   4172210 *********************************                                      0.7616 0.1701
--      17-    22   5789612 **********************************************                         0.8034 0.2350
--      23-    29   7214784 **********************************************************             0.8628 0.3619
--      30-    37   4905273 ***************************************                                0.9318 0.5541
--      38-    46   1686572 *************                                                          0.9753 0.7068
--      47-    56    381691 ***                                                                    0.9894 0.7682
--      57-    67    154552 *                                                                      0.9927 0.7854
--      68-    79     99344                                                                        0.9941 0.7948
--      80-    92     71315                                                                        0.9951 0.8020
--      93-   106     54785                                                                        0.9957 0.8082
--     107-   121     41353                                                                        0.9963 0.8137
--     122-   137     39933                                                                        0.9967 0.8185
--     138-   154     35977                                                                        0.9971 0.8238
--     155-   172     26060                                                                        0.9974 0.8290
--     173-   191     23795                                                                        0.9977 0.8334
--     192-   211     20807                                                                        0.9979 0.8378
--     212-   232     18877                                                                        0.9981 0.8421
--     233-   254     15864                                                                        0.9983 0.8464
--     255-   277     13318                                                                        0.9985 0.8503
--     278-   301     10678                                                                        0.9986 0.8539
--     302-   326     10084                                                                        0.9987 0.8571
--     327-   352     10375                                                                        0.9988 0.8603
--     353-   379     10251                                                                        0.9989 0.8639
--     380-   407      9151                                                                        0.9990 0.8678
--     408-   436      9054                                                                        0.9991 0.8715
--     437-   466      7949                                                                        0.9992 0.8754
--     467-   497      7908                                                                        0.9993 0.8791
--     498-   529      6727                                                                        0.9993 0.8830
--     530-   562      5377                                                                        0.9994 0.8865
--     563-   596      3908                                                                        0.9994 0.8895
--     597-   631      2922                                                                        0.9995 0.8918
--     632-   667      1394                                                                        0.9995 0.8936
--     668-   704      1364                                                                        0.9995 0.8945
--     705-   742      1387                                                                        0.9995 0.8955
--     743-   781      1290                                                                        0.9996 0.8965
--     782-   821      1278                                                                        0.9996 0.8975
--
--       55052 (max occurrences)
--   922104656 (total mers, non-unique)
--    48744427 (distinct mers, non-unique)
--    52266635 (unique mers)
----------------------------------------
-- Starting command on Fri Apr 12 00:13:42 2019 with 14435.547 GB free disk space

    cd unitigging/0-mercounts
    /sw/bioinfo/canu/1.7/rackham/Linux-amd64/bin/meryl \
      -Dt \
      -n 1801 \
      -s ./durian_pacbio_assembly_0411_27m.ms22 \
    > ./durian_pacbio_assembly_0411_27m.ms22.frequentMers.fasta \
    2> ./durian_pacbio_assembly_0411_27m.ms22.frequentMers.fasta.err

-- Finished on Fri Apr 12 00:13:48 2019 (6 seconds) with 14435.549 GB free disk space
----------------------------------------
-- Reset utgOvlMerThreshold from auto to 1801.
--
-- Found 974371291 22-mers; 101011062 distinct and 52266635 unique.  Largest count 55052.
--
-- OVERLAPPER (normal) (assembly) erate=0.045
--
----------------------------------------
-- Starting command on Fri Apr 12 00:13:48 2019 with 14435.549 GB free disk space

    cd unitigging/1-overlapper
    /sw/bioinfo/canu/1.7/rackham/Linux-amd64/bin/overlapInCorePartition \
     -G  ../durian_pacbio_assembly_0411_27m.gkpStore \
     -hl 85312000 \
     -rl 1000000000 \
     -ol 500 \
     -o  ./durian_pacbio_assembly_0411_27m.partition \
    > ./durian_pacbio_assembly_0411_27m.partition.err 2>&1

-- Finished on Fri Apr 12 00:13:48 2019 (lickety-split) with 14435.549 GB free disk space
----------------------------------------
--
-- Configured 12 overlapInCore jobs.
--
-- Running jobs.  First attempt out of 2.
----------------------------------------
-- Starting 'utgovl' concurrent execution on Fri Apr 12 00:13:48 2019 with 14435.549 GB free disk space (12 processes; 4 concurrently)

    cd unitigging/1-overlapper
    ./overlap.sh 1 > ./overlap.000001.out 2>&1
    ./overlap.sh 2 > ./overlap.000002.out 2>&1
    ./overlap.sh 3 > ./overlap.000003.out 2>&1
    ./overlap.sh 4 > ./overlap.000004.out 2>&1
    ./overlap.sh 5 > ./overlap.000005.out 2>&1
    ./overlap.sh 6 > ./overlap.000006.out 2>&1
    ./overlap.sh 7 > ./overlap.000007.out 2>&1
    ./overlap.sh 8 > ./overlap.000008.out 2>&1
    ./overlap.sh 9 > ./overlap.000009.out 2>&1
    ./overlap.sh 10 > ./overlap.000010.out 2>&1
    ./overlap.sh 11 > ./overlap.000011.out 2>&1
    ./overlap.sh 12 > ./overlap.000012.out 2>&1

-- Finished on Fri Apr 12 04:47:42 2019 (16434 seconds) with 14332.142 GB free disk space
----------------------------------------
-- Found 12 overlapInCore output files.
--
-- overlapInCore compute 'unitigging/1-overlapper':
--   kmer hits
--     with no overlap        244166945  45.4166667 +- 12531179.103
--     with an overlap         29163673  6.08333333 +- 3721891.265
--
--   overlaps                  29163673  6.08333333 +- 3721891.265
--     contained               11236600  .333333333 +- 1518057.163
--     dovetail                17927073  1493922.75 +- 2207699.242
--
--   overlaps rejected
--     multiple per pair              0           0 +- 0
--     bad short window               0           0 +- 0
--     bad long window                0           0 +- 0
----------------------------------------
-- Starting command on Fri Apr 12 04:47:42 2019 with 14332.142 GB free disk space

    cd unitigging
    /sw/bioinfo/canu/1.7/rackham/Linux-amd64/bin/ovStoreBuild \
     -O ./durian_pacbio_assembly_0411_27m.ovlStore.BUILDING \
     -G ./durian_pacbio_assembly_0411_27m.gkpStore \
     -M 2-8 \
     -L ./1-overlapper/ovljob.files \
     > ./durian_pacbio_assembly_0411_27m.ovlStore.err 2>&1

-- Finished on Fri Apr 12 04:48:29 2019 (47 seconds) with 14329.56 GB free disk space
----------------------------------------
-- Checking store.
----------------------------------------
-- Starting command on Fri Apr 12 04:48:29 2019 with 14329.56 GB free disk space

    cd unitigging
    /sw/bioinfo/canu/1.7/rackham/Linux-amd64/bin/ovStoreDump \
     -G ./durian_pacbio_assembly_0411_27m.gkpStore \
     -O ./durian_pacbio_assembly_0411_27m.ovlStore \
     -d -counts \
     > ./durian_pacbio_assembly_0411_27m.ovlStore/counts.dat 2> ./durian_pacbio_assembly_0411_27m.ovlStore/counts.err

-- Finished on Fri Apr 12 04:48:29 2019 (lickety-split) with 14329.558 GB free disk space
----------------------------------------
--
-- Overlap store 'unitigging/durian_pacbio_assembly_0411_27m.ovlStore' successfully constructed.
-- Found 58327346 overlaps for 112123 reads; 154775 reads have no overlaps.
--
--
-- Purged 0.492 GB in 36 overlap output files.
----------------------------------------
-- Starting command on Fri Apr 12 04:48:30 2019 with 14329.555 GB free disk space

    cd unitigging
    /sw/bioinfo/canu/1.7/rackham/Linux-amd64/bin/ovStoreStats \
     -G ./durian_pacbio_assembly_0411_27m.gkpStore \
     -O ./durian_pacbio_assembly_0411_27m.ovlStore \
     -C 36 \
     -o ./durian_pacbio_assembly_0411_27m.ovlStore \
     > ./durian_pacbio_assembly_0411_27m.ovlStore.summary.err 2>&1

-- Finished on Fri Apr 12 04:48:41 2019 (11 seconds) with 14329.588 GB free disk space
----------------------------------------
--
-- Overlap store 'unitigging/durian_pacbio_assembly_0411_27m.ovlStore' contains:
--
--   category            reads     %          read length        feature size or coverage  analysis
--   ----------------  -------  -------  ----------------------  ------------------------  --------------------
--   middle-missing         42    0.04     6922.02 +- 3049.60        880.31 +- 1066.82    (bad trimming)
--   middle-hump           380    0.34     6375.93 +- 3010.88         87.32 +- 336.97     (bad trimming)
--   no-5-prime            737    0.66     8912.19 +- 3655.89         74.30 +- 312.53     (bad trimming)
--   no-3-prime            728    0.65     8707.02 +- 3677.04        103.66 +- 404.03     (bad trimming)
--   
--   low-coverage         6118    5.45     5723.14 +- 2533.97          5.62 +- 2.67       (easy to assemble, potential for lower quality consensus)
--   unique              67141   59.86     8641.19 +- 3244.31         28.74 +- 7.66       (easy to assemble, perfect, yay)
--   repeat-cont         16771   14.95     9161.11 +- 3712.23       2184.31 +- 1580.01    (potential for consensus errors, no impact on assembly)
--   repeat-dove             3    0.00    17037.00 +- 6819.27       1274.00 +- 1159.63    (hard to assemble, likely won't assemble correctly or even at all)
--   
--   span-repeat          5850    5.22     9994.69 +- 3919.96       3070.58 +- 2944.29    (read spans a large repeat, usually easy to assemble)
--   uniq-repeat-cont    11602   10.34     8627.09 +- 3531.71                             (should be uniquely placed, low potential for consensus errors, no impact on assembly)
--   uniq-repeat-dove     2742    2.44    12206.64 +- 3952.48                             (will end contigs, potential to misassemble)
--   uniq-anchor             9    0.01     9689.33 +- 2702.41       3208.11 +- 3499.41    (repeat read, with unique section, probable bad read)
--
-- Loading read lengths.
-- Loading number of overlaps per read.
--
-- Configure RED for 4gb memory.
--                   Batches of at most (unlimited) reads.
--                                      500000000 bases.
--                   Expecting evidence of at most 371070054 bases per iteration.
--
--           Total                                               Reads                 Olaps Evidence
--    Job   Memory      Read Range         Reads        Bases   Memory        Olaps   Memory   Memory  (Memory in MB)
--   ---- -------- ------------------- --------- ------------ -------- ------------ -------- --------
--      1  4096.02         1-29348         13214    115988825  1327.80      1088318    12.45   707.76
--      2  4096.02     29349-57066         12556    111125601  1272.13      5953170    68.13   707.76
--      3  4096.05     57067-88845         11687    102289423  1170.98     14795181   169.32   707.76
--      4  4096.02     88846-123068        13924    115837536  1326.09      1237587    14.16   707.76
--      5  4096.10    123069-146773         9584     91097689  1042.83     25996226   297.50   707.76
--      6  4096.03    146774-183272        13373    112318034  1285.80      4759679    54.47   707.76
--      7  4096.14    183273-213391        13311    114231309  1307.69      2856376    32.69   707.76
--      8  4096.07    213392-243544        13557    116338234  1331.81       742951     8.50   707.76
--      9  3882.18    243545-266898        10966     97500252  1116.15       897858    10.28   707.76
--   ---- -------- ------------------- --------- ------------ -------- ------------ -------- --------
--                                                  976726903              58327346
--
-- Running jobs.  First attempt out of 2.
----------------------------------------
-- Starting 'red' concurrent execution on Fri Apr 12 04:48:43 2019 with 14329.383 GB free disk space (9 processes; 5 concurrently)

    cd unitigging/3-overlapErrorAdjustment
    ./red.sh 1 > ./red.000001.out 2>&1
    ./red.sh 2 > ./red.000002.out 2>&1
    ./red.sh 3 > ./red.000003.out 2>&1
    ./red.sh 4 > ./red.000004.out 2>&1
    ./red.sh 5 > ./red.000005.out 2>&1
    ./red.sh 6 > ./red.000006.out 2>&1
    ./red.sh 7 > ./red.000007.out 2>&1
    ./red.sh 8 > ./red.000008.out 2>&1
    ./red.sh 9 > ./red.000009.out 2>&1

-- Finished on Fri Apr 12 05:20:26 2019 (1903 seconds) with 14327.964 GB free disk space
----------------------------------------
-- Found 9 read error detection output files.
--
-- Loading read lengths.
-- Loading number of overlaps per read.
--
-- Configure OEA for 4gb memory.
--                   Batches of at most (unlimited) reads.
--                                      300000000 bases.
--
--           Total                                               Reads                 Olaps  Adjusts
--    Job   Memory      Read Range         Reads        Bases   Memory        Olaps   Memory   Memory  (Memory in MB)
--   ---- -------- ------------------- --------- ------------ -------- ------------ -------- --------
--      1  3362.78         1-81098         34072    300001545   295.14     21677462   661.54   358.09
--      2  3674.57     81099-169637        34470    300008067   295.16     31893712   973.32   358.09
--      3  2832.11    169638-248293        34917    300000193   295.17      4287724   130.85   358.09
--      4  2501.82    248294-266898         8713     76717098    81.43       468448    14.30   358.09
--   ---- -------- ------------------- --------- ------------ -------- ------------ -------- --------
--                                                  976726903              58327346
--
-- Running jobs.  First attempt out of 2.
----------------------------------------
-- Starting 'oea' concurrent execution on Fri Apr 12 05:20:28 2019 with 14327.95 GB free disk space (4 processes; 20 concurrently)

    cd unitigging/3-overlapErrorAdjustment
    ./oea.sh 1 > ./oea.000001.out 2>&1
    ./oea.sh 2 > ./oea.000002.out 2>&1
    ./oea.sh 3 > ./oea.000003.out 2>&1
    ./oea.sh 4 > ./oea.000004.out 2>&1

-- Finished on Fri Apr 12 06:04:41 2019 (2653 seconds) with 14326.273 GB free disk space
----------------------------------------
-- Found 4 overlap error adjustment output files.
----------------------------------------
-- Starting command on Fri Apr 12 06:04:41 2019 with 14326.273 GB free disk space

    cd unitigging/3-overlapErrorAdjustment
    /sw/bioinfo/canu/1.7/rackham/Linux-amd64/bin/ovStoreBuild \
      -G ../durian_pacbio_assembly_0411_27m.gkpStore \
      -O ../durian_pacbio_assembly_0411_27m.ovlStore \
      -evalues \
      -L ./oea.files \
    > ./oea.apply.err 2>&1

-- Finished on Fri Apr 12 06:04:43 2019 (2 seconds) with 14326.149 GB free disk space
----------------------------------------
-- No report available.
--
-- Running jobs.  First attempt out of 2.
----------------------------------------
-- Starting 'bat' concurrent execution on Fri Apr 12 06:04:43 2019 with 14326.149 GB free disk space (1 processes; 1 concurrently)

    cd unitigging/4-unitigger
    ./unitigger.sh 1 > ./unitigger.000001.out 2>&1

-- Finished on Fri Apr 12 06:05:28 2019 (45 seconds) with 14326.054 GB free disk space
----------------------------------------
-- Unitigger finished successfully.
-- Found, in version 1, after unitig construction:
--   contigs:      659 sequences, total length 35468378 bp (including 23 repeats of total length 419334 bp).
--   bubbles:      0 sequences, total length 0 bp.
--   unassembled:  19308 sequences, total length 141166847 bp.
--
-- Contig sizes based on genome size --
--            NG (bp)  LG (contigs)    sum (bp)
--         ----------  ------------  ----------
--     10     1774710             2     4098676
--     20     1070728             4     6267140
--     30      993722             6     8263125
--     40      699212            10    11384074
--     50      546980            14    13697134
--     60      446461            20    16530626
--     70      387113            26    18933820
--     80      277782            35    21786390
--     90      165628            47    24353289
--    100       28382            96    27010751
--    110       20079           210    29705984
--    120       14140           370    32403511
--    130        8628           606    35106468
--
----------------------------------------
-- Starting command on Fri Apr 12 06:05:28 2019 with 14326.053 GB free disk space

    cd unitigging
    /sw/bioinfo/canu/1.7/rackham/Linux-amd64/bin/gatekeeperPartition \
      -G ./durian_pacbio_assembly_0411_27m.gkpStore \
      -T ./durian_pacbio_assembly_0411_27m.ctgStore 1 \
      -b 15000 \
      -p 8 \
    > ./durian_pacbio_assembly_0411_27m.ctgStore/partitionedReads.log 2>&1

-- Finished on Fri Apr 12 06:05:53 2019 (25 seconds) with 14323.934 GB free disk space
----------------------------------------
----------------------------------------
-- Starting command on Fri Apr 12 06:05:53 2019 with 14323.934 GB free disk space

    cd unitigging
    /sw/bioinfo/canu/1.7/rackham/Linux-amd64/bin/gatekeeperPartition \
      -G ./durian_pacbio_assembly_0411_27m.gkpStore \
      -T ./durian_pacbio_assembly_0411_27m.utgStore 1 \
      -b 15000 \
      -p 8 \
    > ./durian_pacbio_assembly_0411_27m.utgStore/partitionedReads.log 2>&1

-- Finished on Fri Apr 12 06:06:14 2019 (21 seconds) with 14323.095 GB free disk space
----------------------------------------
-- Using slow alignment for consensus (iteration '0').
-- Configured 4 contig and 4 unitig consensus jobs.
--
--                            (tag)Concurrency
--                     (tag)Threads          |
--            (tag)Memory         |          |
--        (tag)         |         |          |     total usage     algorithm
--        -------  ------  --------   --------  -----------------  -----------------------------
-- Local: cns        3 GB    4 CPUs x   5 jobs    15 GB   20 CPUs  (consensus)
--
--
-- Running jobs.  First attempt out of 2.
----------------------------------------
-- Starting 'cns' concurrent execution on Fri Apr 12 06:06:14 2019 with 14323.095 GB free disk space (8 processes; 5 concurrently)

    cd unitigging/5-consensus
    ./consensus.sh 1 > ./consensus.000001.out 2>&1
    ./consensus.sh 2 > ./consensus.000002.out 2>&1
    ./consensus.sh 3 > ./consensus.000003.out 2>&1
    ./consensus.sh 4 > ./consensus.000004.out 2>&1
    ./consensus.sh 5 > ./consensus.000005.out 2>&1
    ./consensus.sh 6 > ./consensus.000006.out 2>&1
    ./consensus.sh 7 > ./consensus.000007.out 2>&1
    ./consensus.sh 8 > ./consensus.000008.out 2>&1

-- Finished on Fri Apr 12 06:16:24 2019 (610 seconds) with 14323.233 GB free disk space
----------------------------------------
-- Using slow alignment for consensus (iteration '1').
-- Configured 4 contig and 4 unitig consensus jobs.
-- All 8 consensus jobs finished successfully.
-- Using slow alignment for consensus (iteration '0').
-- Configured 4 contig and 4 unitig consensus jobs.
----------------------------------------
-- Starting command on Fri Apr 12 06:16:24 2019 with 14323.233 GB free disk space

    cd unitigging
    /sw/bioinfo/canu/1.7/rackham/Linux-amd64/bin/tgStoreLoad \
      -G ./durian_pacbio_assembly_0411_27m.gkpStore \
      -T ./durian_pacbio_assembly_0411_27m.ctgStore 2 \
      -L ./5-consensus/ctgcns.files \
    > ./5-consensus/ctgcns.files.ctgStoreLoad.err 2>&1

-- Finished on Fri Apr 12 06:16:30 2019 (6 seconds) with 14322.898 GB free disk space
----------------------------------------
----------------------------------------
-- Starting command on Fri Apr 12 06:16:30 2019 with 14322.898 GB free disk space

    cd unitigging
    /sw/bioinfo/canu/1.7/rackham/Linux-amd64/bin/tgStoreLoad \
      -G ./durian_pacbio_assembly_0411_27m.gkpStore \
      -T ./durian_pacbio_assembly_0411_27m.utgStore 2 \
      -L ./5-consensus/utgcns.files \
    > ./5-consensus/utgcns.files.utgStoreLoad.err 2>&1

-- Finished on Fri Apr 12 06:16:32 2019 (2 seconds) with 14322.818 GB free disk space
----------------------------------------
-- Purging consensus output after loading to ctgStore and/or utgStore.
-- Purged 8 .cns outputs.
----------------------------------------
-- Starting command on Fri Apr 12 06:16:33 2019 with 14322.808 GB free disk space

    cd unitigging
    /sw/bioinfo/canu/1.7/rackham/Linux-amd64/bin/tgStoreDump \
      -G ./durian_pacbio_assembly_0411_27m.gkpStore \
      -T ./durian_pacbio_assembly_0411_27m.ctgStore 2 \
      -sizes -s 27000000 \
    > ./durian_pacbio_assembly_0411_27m.ctgStore/seqDB.v002.sizes.txt

-- Finished on Fri Apr 12 06:16:33 2019 (lickety-split) with 14322.808 GB free disk space
----------------------------------------
-- Found, in version 2, after consensus generation:
--   contigs:      659 sequences, total length 35452764 bp (including 23 repeats of total length 424601 bp).
--   bubbles:      0 sequences, total length 0 bp.
--   unassembled:  19308 sequences, total length 141165823 bp.
--
-- Contig sizes based on genome size --
--            NG (bp)  LG (contigs)    sum (bp)
--         ----------  ------------  ----------
--     10     1773363             2     4095319
--     20     1069436             4     6261509
--     30      992449             6     8254679
--     40      698361            10    11372046
--     50      546305            14    13682657
--     60      445970            20    16513091
--     70      386884            26    18917637
--     80      277307            35    21768043
--     90      165540            47    24332538
--    100       28321            97    27017709
--    110       20078           211    29714770
--    120       14110           371    32404950
--    130        8466           608    35108363
--
----------------------------------------
-- Starting command on Fri Apr 12 06:16:33 2019 with 14322.808 GB free disk space

    cd unitigging
    /sw/bioinfo/canu/1.7/rackham/Linux-amd64/bin/tgStoreCoverageStat \
      -G ./durian_pacbio_assembly_0411_27m.gkpStore \
      -T ./durian_pacbio_assembly_0411_27m.ctgStore 2 \
      -s 27000000 \
      -o ./durian_pacbio_assembly_0411_27m.ctgStore.coverageStat \
    > ./durian_pacbio_assembly_0411_27m.ctgStore.coverageStat.err 2>&1

-- Finished on Fri Apr 12 06:16:34 2019 (1 second) with 14322.806 GB free disk space
----------------------------------------
----------------------------------------
-- Starting command on Fri Apr 12 06:16:34 2019 with 14322.806 GB free disk space

    cd unitigging/4-unitigger
    ./alignGFA.sh \
    > alignGFA.err 2>&1

-- Finished on Fri Apr 12 06:17:10 2019 (36 seconds) with 14323.108 GB free disk space
----------------------------------------
----------------------------------------
-- Starting command on Fri Apr 12 06:17:10 2019 with 14323.108 GB free disk space

    cd .
    /sw/bioinfo/canu/1.7/rackham/Linux-amd64/bin/tgStoreDump \
      -G ./unitigging/durian_pacbio_assembly_0411_27m.gkpStore \
      -T ./unitigging/durian_pacbio_assembly_0411_27m.ctgStore 2 \
      -o ./durian_pacbio_assembly_0411_27m.contigs \
      -layout \
    > ./durian_pacbio_assembly_0411_27m.contigs.layout.err 2>&1

-- Finished on Fri Apr 12 06:17:14 2019 (4 seconds) with 14322.761 GB free disk space
----------------------------------------
----------------------------------------
-- Starting command on Fri Apr 12 06:17:14 2019 with 14322.761 GB free disk space

    cd .
    /sw/bioinfo/canu/1.7/rackham/Linux-amd64/bin/tgStoreDump \
      -G ./unitigging/durian_pacbio_assembly_0411_27m.gkpStore \
      -T ./unitigging/durian_pacbio_assembly_0411_27m.utgStore 2 \
      -o ./durian_pacbio_assembly_0411_27m.unitigs \
      -layout \
    > ./durian_pacbio_assembly_0411_27m.unitigs.layout.err 2>&1

-- Finished on Fri Apr 12 06:17:15 2019 (1 second) with 14322.676 GB free disk space
----------------------------------------
----------------------------------------
-- Starting command on Fri Apr 12 06:17:15 2019 with 14322.676 GB free disk space

    cd .
    /sw/bioinfo/canu/1.7/rackham/Linux-amd64/bin/tgStoreDump \
      -G ./unitigging/durian_pacbio_assembly_0411_27m.gkpStore \
      -T ./unitigging/durian_pacbio_assembly_0411_27m.ctgStore 2 \
      -consensus -fasta \
      -unassembled \
    > ./durian_pacbio_assembly_0411_27m.unassembled.fasta
    2> ./durian_pacbio_assembly_0411_27m.unassembled.err

-- Finished on Fri Apr 12 06:17:17 2019 (2 seconds) with 14322.54 GB free disk space
----------------------------------------
----------------------------------------
-- Starting command on Fri Apr 12 06:17:17 2019 with 14322.54 GB free disk space

    cd .
    /sw/bioinfo/canu/1.7/rackham/Linux-amd64/bin/tgStoreDump \
      -G ./unitigging/durian_pacbio_assembly_0411_27m.gkpStore \
      -T ./unitigging/durian_pacbio_assembly_0411_27m.ctgStore 2 \
      -consensus -fasta \
      -contigs \
    > ./durian_pacbio_assembly_0411_27m.contigs.fasta
    2> ./durian_pacbio_assembly_0411_27m.contigs.err

-- Finished on Fri Apr 12 06:17:19 2019 (2 seconds) with 14322.867 GB free disk space
----------------------------------------
----------------------------------------
-- Starting command on Fri Apr 12 06:17:19 2019 with 14322.867 GB free disk space

    cd .
    /sw/bioinfo/canu/1.7/rackham/Linux-amd64/bin/tgStoreDump \
      -G ./unitigging/durian_pacbio_assembly_0411_27m.gkpStore \
      -T ./unitigging/durian_pacbio_assembly_0411_27m.utgStore 2 \
      -consensus -fasta \
      -contigs \
    > ./durian_pacbio_assembly_0411_27m.unitigs.fasta
    2> ./durian_pacbio_assembly_0411_27m.unitigs.err

-- Finished on Fri Apr 12 06:17:19 2019 (lickety-split) with 14322.829 GB free disk space
----------------------------------------
--
-- Assembly 'durian_pacbio_assembly_0411_27m' finished in '/domus/h1/jili0178/GA2019/analyses_results/01_assemblyDNA/durian_pacbio_0411_27m'.
--
-- Summary saved in 'durian_pacbio_assembly_0411_27m.report'.
--
-- Sequences saved:
--   Contigs       -> 'durian_pacbio_assembly_0411_27m.contigs.fasta'
--   Unassembled   -> 'durian_pacbio_assembly_0411_27m.unassembled.fasta'
--   Unitigs       -> 'durian_pacbio_assembly_0411_27m.unitigs.fasta'
--
-- Read layouts saved:
--   Contigs       -> 'durian_pacbio_assembly_0411_27m.contigs.layout'.
--   Unitigs       -> 'durian_pacbio_assembly_0411_27m.unitigs.layout'.
--
-- Graphs saved:
--   Contigs       -> 'durian_pacbio_assembly_0411_27m.contigs.gfa'.
--   Unitigs       -> 'durian_pacbio_assembly_0411_27m.unitigs.gfa'.
--
-- Bye.
